TMessagesProj/build/outputs/logs/manifest-merger-armv7-debug-report.txt
-- Merging decision tree log ---
manifest
ADDED from src/main/AndroidManifest.xml:2:1-445:12
	package
		ADDED from src/main/AndroidManifest.xml:3:5-28
		INJECTED from src/main/AndroidManifest.xml
		INJECTED from config/debug/AndroidManifest_SDK23.xml
	android:versionName
		INJECTED from src/main/AndroidManifest.xml
		ADDED from src/main/AndroidManifest.xml:2:1-445:12
		INJECTED from config/debug/AndroidManifest_SDK23.xml
	xmlns:android
		ADDED from src/main/AndroidManifest.xml:2:11-69
	android:versionCode
		INJECTED from src/main/AndroidManifest.xml
		ADDED from src/main/AndroidManifest.xml:2:1-445:12
		INJECTED from config/debug/AndroidManifest_SDK23.xml
	android:installLocation
		ADDED from src/main/AndroidManifest.xml:4:5-35
supports-screens
ADDED from src/main/AndroidManifest.xml:6:5-12:40
	android:largeScreens
		ADDED from src/main/AndroidManifest.xml:8:9-36
	android:smallScreens
		ADDED from src/main/AndroidManifest.xml:11:9-36
	android:normalScreens
		ADDED from src/main/AndroidManifest.xml:9:9-37
	android:xlargeScreens
		ADDED from src/main/AndroidManifest.xml:12:9-37
	android:resizeable
		ADDED from src/main/AndroidManifest.xml:10:9-34
	android:anyDensity
		ADDED from src/main/AndroidManifest.xml:7:9-34
uses-feature#0x00020000
ADDED from src/main/AndroidManifest.xml:14:5-16:36
MERGED from [com.google.android.gms:play-services-maps:11.0.2] AndroidManifest.xml:21:5-77
	android:glEsVersion
		ADDED from src/main/AndroidManifest.xml:15:9-41
	android:required
		ADDED from src/main/AndroidManifest.xml:16:9-33
uses-feature#android.hardware.telephony
ADDED from src/main/AndroidManifest.xml:17:5-19:36
	android:required
		ADDED from src/main/AndroidManifest.xml:19:9-33
	android:name
		ADDED from src/main/AndroidManifest.xml:18:9-50
uses-feature#android.hardware.wifi
ADDED from src/main/AndroidManifest.xml:20:5-22:36
	android:required
		ADDED from src/main/AndroidManifest.xml:22:9-33
	android:name
		ADDED from src/main/AndroidManifest.xml:21:9-45
uses-feature#android.hardware.screen.PORTRAIT
ADDED from src/main/AndroidManifest.xml:23:5-25:36
	android:required
		ADDED from src/main/AndroidManifest.xml:25:9-33
	android:name
		ADDED from src/main/AndroidManifest.xml:24:9-56
uses-feature#android.hardware.microphone
ADDED from src/main/AndroidManifest.xml:26:5-28:36
	android:required
		ADDED from src/main/AndroidManifest.xml:28:9-33
	android:name
		ADDED from src/main/AndroidManifest.xml:27:9-51
uses-feature#android.hardware.camera
ADDED from src/main/AndroidManifest.xml:29:5-31:36
	android:required
		ADDED from src/main/AndroidManifest.xml:31:9-33
	android:name
		ADDED from src/main/AndroidManifest.xml:30:9-47
uses-feature#android.hardware.camera2
ADDED from src/main/AndroidManifest.xml:32:5-34:36
	android:required
		ADDED from src/main/AndroidManifest.xml:34:9-33
	android:name
		ADDED from src/main/AndroidManifest.xml:33:9-48
uses-permission#android.permission.INTERNET
ADDED from src/main/AndroidManifest.xml:36:5-67
MERGED from [com.google.android.gms:play-services-gcm:11.0.2] AndroidManifest.xml:21:5-66
MERGED from [com.google.android.gms:play-services-iid:11.0.2] AndroidManifest.xml:21:5-66
MERGED from [com.google.android.gms:play-services-maps:11.0.2] AndroidManifest.xml:20:5-66
MERGED from [net.hockeyapp.android:HockeySDK:4.1.3] AndroidManifest.xml:12:5-67
MERGED from [com.google.firebase:firebase-analytics:11.0.2] AndroidManifest.xml:20:5-66
MERGED from [com.google.firebase:firebase-analytics-impl:11.0.2] AndroidManifest.xml:20:5-66
MERGED from [com.google.firebase:firebase-iid:11.0.2] AndroidManifest.xml:20:5-66
	android:name
		ADDED from src/main/AndroidManifest.xml:36:22-64
uses-permission#android.permission.RECORD_AUDIO
ADDED from src/main/AndroidManifest.xml:37:5-71
	android:name
		ADDED from src/main/AndroidManifest.xml:37:22-68
uses-permission#android.permission.MODIFY_AUDIO_SETTINGS
ADDED from src/main/AndroidManifest.xml:38:5-80
	android:name
		ADDED from src/main/AndroidManifest.xml:38:22-77
uses-permission#android.permission.ACCESS_NETWORK_STATE
ADDED from src/main/AndroidManifest.xml:39:5-79
MERGED from [com.google.android.gms:play-services-maps:11.0.2] AndroidManifest.xml:19:5-78
MERGED from [net.hockeyapp.android:HockeySDK:4.1.3] AndroidManifest.xml:11:5-79
MERGED from [com.google.firebase:firebase-analytics:11.0.2] AndroidManifest.xml:21:5-78
MERGED from [com.google.firebase:firebase-analytics-impl:11.0.2] AndroidManifest.xml:21:5-78
MERGED from [com.google.firebase:firebase-iid:11.0.2] AndroidManifest.xml:19:5-78
	android:name
		ADDED from src/main/AndroidManifest.xml:39:22-76
uses-permission#android.permission.ACCESS_WIFI_STATE
ADDED from src/main/AndroidManifest.xml:40:5-76
	android:name
		ADDED from src/main/AndroidManifest.xml:40:22-73
uses-permission#android.permission.RECEIVE_SMS
ADDED from src/main/AndroidManifest.xml:41:5-70
	android:name
		ADDED from src/main/AndroidManifest.xml:41:22-67
uses-permission#android.permission.WAKE_LOCK
ADDED from src/main/AndroidManifest.xml:42:5-68
MERGED from [com.google.firebase:firebase-analytics:11.0.2] AndroidManifest.xml:22:5-67
MERGED from [com.google.firebase:firebase-analytics-impl:11.0.2] AndroidManifest.xml:22:5-67
MERGED from [com.google.firebase:firebase-iid:11.0.2] AndroidManifest.xml:21:5-67
	android:name
		ADDED from src/main/AndroidManifest.xml:42:22-65
uses-permission#android.permission.WRITE_EXTERNAL_STORAGE
ADDED from src/main/AndroidManifest.xml:43:5-81
MERGED from [net.hockeyapp.android:HockeySDK:4.1.3] AndroidManifest.xml:13:5-81
	android:name
		ADDED from src/main/AndroidManifest.xml:43:22-78
uses-permission#android.permission.READ_EXTERNAL_STORAGE
ADDED from src/main/AndroidManifest.xml:44:5-80
	android:name
		ADDED from src/main/AndroidManifest.xml:44:22-77
uses-permission#android.permission.GET_ACCOUNTS
ADDED from src/main/AndroidManifest.xml:45:5-71
	android:name
		ADDED from src/main/AndroidManifest.xml:45:22-68
uses-permission#android.permission.READ_CONTACTS
ADDED from src/main/AndroidManifest.xml:46:5-72
	android:name
		ADDED from src/main/AndroidManifest.xml:46:22-69
uses-permission#android.permission.WRITE_CONTACTS
ADDED from src/main/AndroidManifest.xml:47:5-73
	android:name
		ADDED from src/main/AndroidManifest.xml:47:22-70
uses-permission#android.permission.MANAGE_ACCOUNTS
ADDED from src/main/AndroidManifest.xml:48:5-74
	android:name
		ADDED from src/main/AndroidManifest.xml:48:22-71
uses-permission#android.permission.READ_PROFILE
ADDED from src/main/AndroidManifest.xml:49:5-71
	android:name
		ADDED from src/main/AndroidManifest.xml:49:22-68
uses-permission#android.permission.WRITE_SYNC_SETTINGS
ADDED from src/main/AndroidManifest.xml:50:5-78
	android:name
		ADDED from src/main/AndroidManifest.xml:50:22-75
uses-permission#android.permission.READ_SYNC_SETTINGS
ADDED from src/main/AndroidManifest.xml:51:5-77
	android:name
		ADDED from src/main/AndroidManifest.xml:51:22-74
uses-permission#android.permission.AUTHENTICATE_ACCOUNTS
ADDED from src/main/AndroidManifest.xml:52:5-80
	android:name
		ADDED from src/main/AndroidManifest.xml:52:22-77
uses-permission#android.permission.VIBRATE
ADDED from src/main/AndroidManifest.xml:53:5-66
	android:name
		ADDED from src/main/AndroidManifest.xml:53:22-63
uses-permission#android.permission.SYSTEM_ALERT_WINDOW
ADDED from src/main/AndroidManifest.xml:54:5-78
	android:name
		ADDED from src/main/AndroidManifest.xml:54:22-75
uses-permission#android.permission.READ_PHONE_STATE
ADDED from src/main/AndroidManifest.xml:55:5-75
	android:name
		ADDED from src/main/AndroidManifest.xml:55:22-72
uses-permission#android.permission.RECEIVE_BOOT_COMPLETED
ADDED from src/main/AndroidManifest.xml:56:5-81
	android:name
		ADDED from src/main/AndroidManifest.xml:56:22-78
uses-permission#android.permission.USE_FINGERPRINT
ADDED from src/main/AndroidManifest.xml:57:5-74
	android:name
		ADDED from src/main/AndroidManifest.xml:57:22-71
uses-permission#android.permission.INSTALL_SHORTCUT
ADDED from src/main/AndroidManifest.xml:58:5-75
	android:name
		ADDED from src/main/AndroidManifest.xml:58:22-72
uses-permission#com.android.launcher.permission.INSTALL_SHORTCUT
ADDED from src/main/AndroidManifest.xml:59:5-88
	android:name
		ADDED from src/main/AndroidManifest.xml:59:22-85
uses-permission#com.android.launcher.permission.UNINSTALL_SHORTCUT
ADDED from src/main/AndroidManifest.xml:60:5-90
	android:name
		ADDED from src/main/AndroidManifest.xml:60:22-87
uses-permission#android.permission.CAMERA
ADDED from src/main/AndroidManifest.xml:61:5-65
	android:name
		ADDED from src/main/AndroidManifest.xml:61:22-62
uses-permission#android.permission.BLUETOOTH
ADDED from src/main/AndroidManifest.xml:62:5-68
	android:name
		ADDED from src/main/AndroidManifest.xml:62:22-65
uses-permission#com.sec.android.provider.badge.permission.READ
ADDED from src/main/AndroidManifest.xml:64:5-86
	android:name
		ADDED from src/main/AndroidManifest.xml:64:22-83
uses-permission#com.sec.android.provider.badge.permission.WRITE
ADDED from src/main/AndroidManifest.xml:65:5-87
	android:name
		ADDED from src/main/AndroidManifest.xml:65:22-84
uses-permission#com.htc.launcher.permission.READ_SETTINGS
ADDED from src/main/AndroidManifest.xml:66:5-81
	android:name
		ADDED from src/main/AndroidManifest.xml:66:22-78
uses-permission#com.htc.launcher.permission.UPDATE_SHORTCUT
ADDED from src/main/AndroidManifest.xml:67:5-83
	android:name
		ADDED from src/main/AndroidManifest.xml:67:22-80
uses-permission#com.sonyericsson.home.permission.BROADCAST_BADGE
ADDED from src/main/AndroidManifest.xml:68:5-88
	android:name
		ADDED from src/main/AndroidManifest.xml:68:22-85
uses-permission#com.sonymobile.home.permission.PROVIDER_INSERT_BADGE
ADDED from src/main/AndroidManifest.xml:69:5-92
	android:name
		ADDED from src/main/AndroidManifest.xml:69:22-89
uses-permission#com.anddoes.launcher.permission.UPDATE_COUNT
ADDED from src/main/AndroidManifest.xml:70:5-84
	android:name
		ADDED from src/main/AndroidManifest.xml:70:22-81
uses-permission#com.majeur.launcher.permission.UPDATE_BADGE
ADDED from src/main/AndroidManifest.xml:71:5-83
	android:name
		ADDED from src/main/AndroidManifest.xml:71:22-80
uses-permission#com.huawei.android.launcher.permission.CHANGE_BADGE
ADDED from src/main/AndroidManifest.xml:72:5-91
	android:name
		ADDED from src/main/AndroidManifest.xml:72:22-88
uses-permission#com.huawei.android.launcher.permission.READ_SETTINGS
ADDED from src/main/AndroidManifest.xml:73:5-92
	android:name
		ADDED from src/main/AndroidManifest.xml:73:22-89
uses-permission#com.huawei.android.launcher.permission.WRITE_SETTINGS
ADDED from src/main/AndroidManifest.xml:74:5-93
	android:name
		ADDED from src/main/AndroidManifest.xml:74:22-90
uses-permission#android.permission.READ_APP_BADGE
ADDED from src/main/AndroidManifest.xml:75:5-73
	android:name
		ADDED from src/main/AndroidManifest.xml:75:22-70
uses-permission#com.oppo.launcher.permission.READ_SETTINGS
ADDED from src/main/AndroidManifest.xml:76:5-82
	android:name
		ADDED from src/main/AndroidManifest.xml:76:22-79
uses-permission#com.oppo.launcher.permission.WRITE_SETTINGS
ADDED from src/main/AndroidManifest.xml:77:5-83
	android:name
		ADDED from src/main/AndroidManifest.xml:77:22-80
application
ADDED from src/main/AndroidManifest.xml:79:5-443:19
MERGED from src/main/AndroidManifest.xml:79:5-443:19
MERGED from [com.google.android.gms:play-services-gcm:11.0.2] AndroidManifest.xml:23:5-19
MERGED from [com.google.android.gms:play-services-iid:11.0.2] AndroidManifest.xml:23:5-19
MERGED from [com.google.android.gms:play-services-vision:11.0.2] AndroidManifest.xml:4:5-19
MERGED from [com.google.android.gms:play-services-vision-common:11.0.2] AndroidManifest.xml:4:5-19
MERGED from [com.google.android.gms:play-services-identity:11.0.2] AndroidManifest.xml:18:5-19
MERGED from [com.google.android.gms:play-services-maps:11.0.2] AndroidManifest.xml:24:5-19
MERGED from [com.google.android.gms:play-services-wearable:11.0.2] AndroidManifest.xml:18:5-19
MERGED from [com.google.android.gms:play-services-base:11.0.2] AndroidManifest.xml:18:5-20:19
MERGED from [com.android.support:support-core-ui:25.3.1] AndroidManifest.xml:29:5-20
MERGED from [com.android.support:support-v13:25.3.1] AndroidManifest.xml:29:5-20
MERGED from [com.android.support:palette-v7:25.3.1] AndroidManifest.xml:26:5-20
MERGED from [com.android.support:support-core-utils:25.3.1] AndroidManifest.xml:29:5-20
MERGED from [com.android.support:support-compat:25.3.1] AndroidManifest.xml:29:5-20
MERGED from [net.hockeyapp.android:HockeySDK:4.1.3] AndroidManifest.xml:15:5-23:19
MERGED from [com.google.firebase:firebase-core:11.0.2] AndroidManifest.xml:5:5-20
MERGED from [com.google.firebase:firebase-analytics:11.0.2] AndroidManifest.xml:24:5-34:19
MERGED from [com.google.firebase:firebase-analytics-impl:11.0.2] AndroidManifest.xml:24:5-28:19
MERGED from [com.google.firebase:firebase-iid:11.0.2] AndroidManifest.xml:28:5-49:19
MERGED from [com.google.firebase:firebase-common:11.0.2] AndroidManifest.xml:4:5-7:19
MERGED from [com.google.android.gms:play-services-tasks:11.0.2] AndroidManifest.xml:4:5-19
MERGED from [com.google.android.gms:play-services-basement:11.0.2] AndroidManifest.xml:19:5-21:19
	android:label
		ADDED from src/main/AndroidManifest.xml:84:9-44
	android:hardwareAccelerated
		ADDED from src/main/AndroidManifest.xml:82:9-68
	android:manageSpaceActivity
		ADDED from src/main/AndroidManifest.xml:86:9-75
		ADDED from src/main/AndroidManifest.xml:86:9-75
	android:roundIcon
		ADDED from src/main/AndroidManifest.xml:87:9-50
	android:allowBackup
		ADDED from src/main/AndroidManifest.xml:81:9-36
	android:icon
		ADDED from src/main/AndroidManifest.xml:83:9-45
	android:largeHeap
		ADDED from src/main/AndroidManifest.xml:85:9-33
	android:theme
		ADDED from src/main/AndroidManifest.xml:88:9-53
	android:name
		ADDED from src/main/AndroidManifest.xml:80:9-52
activity#br.com.voxzap.ui.LaunchActivity
ADDED from src/main/AndroidManifest.xml:90:9-182:20
	android:hardwareAccelerated
		ADDED from src/main/AndroidManifest.xml:93:13-72
	android:launchMode
		ADDED from src/main/AndroidManifest.xml:94:13-44
	android:windowSoftInputMode
		ADDED from src/main/AndroidManifest.xml:95:13-52
	android:configChanges
		ADDED from src/main/AndroidManifest.xml:92:13-83
	android:name
		ADDED from src/main/AndroidManifest.xml:91:13-59
intent-filter#android.intent.action.MAIN+android.intent.category.LAUNCHER+android.intent.category.MULTIWINDOW_LAUNCHER
ADDED from src/main/AndroidManifest.xml:96:13-101:29
action#android.intent.action.MAIN
ADDED from src/main/AndroidManifest.xml:97:17-69
	android:name
		ADDED from src/main/AndroidManifest.xml:97:25-66
category#android.intent.category.LAUNCHER
ADDED from src/main/AndroidManifest.xml:99:17-77
	android:name
		ADDED from src/main/AndroidManifest.xml:99:27-74
category#android.intent.category.MULTIWINDOW_LAUNCHER
ADDED from src/main/AndroidManifest.xml:100:17-89
	android:name
		ADDED from src/main/AndroidManifest.xml:100:27-86
intent-filter#android.intent.action.SEND+android.intent.category.DEFAULT
ADDED from src/main/AndroidManifest.xml:102:13-106:29
action#android.intent.action.SEND
ADDED from src/main/AndroidManifest.xml:103:17-69
	android:name
		ADDED from src/main/AndroidManifest.xml:103:25-66
category#android.intent.category.DEFAULT
ADDED from src/main/AndroidManifest.xml:104:17-76
	android:name
		ADDED from src/main/AndroidManifest.xml:104:27-73
data
ADDED from src/main/AndroidManifest.xml:105:17-52
	android:mimeType
		ADDED from src/main/AndroidManifest.xml:105:23-49
intent-filter#android.intent.action.SEND_MULTIPLE+android.intent.category.DEFAULT
ADDED from src/main/AndroidManifest.xml:112:13-116:29
action#android.intent.action.SEND_MULTIPLE
ADDED from src/main/AndroidManifest.xml:113:17-78
	android:name
		ADDED from src/main/AndroidManifest.xml:113:25-75
intent-filter#android.intent.action.VIEW+android.intent.category.DEFAULT
ADDED from src/main/AndroidManifest.xml:132:13-136:29
action#android.intent.action.VIEW
ADDED from src/main/AndroidManifest.xml:133:17-69
	android:name
		ADDED from src/main/AndroidManifest.xml:133:25-66
intent-filter#android.intent.action.VIEW+android.intent.category.BROWSABLE+android.intent.category.DEFAULT
ADDED from src/main/AndroidManifest.xml:137:13-167:29
category#android.intent.category.BROWSABLE
ADDED from src/main/AndroidManifest.xml:141:17-78
	android:name
		ADDED from src/main/AndroidManifest.xml:141:27-75
meta-data#android.service.chooser.chooser_target_service
ADDED from src/main/AndroidManifest.xml:179:13-181:59
	android:value
		ADDED from src/main/AndroidManifest.xml:181:17-56
	android:name
		ADDED from src/main/AndroidManifest.xml:180:17-78
activity#br.com.voxzap.ui.ShareActivity
ADDED from src/main/AndroidManifest.xml:183:9-201:20
	android:stateNotNeeded
		ADDED from src/main/AndroidManifest.xml:188:13-42
	android:excludeFromRecents
		ADDED from src/main/AndroidManifest.xml:186:13-46
	android:hardwareAccelerated
		ADDED from src/main/AndroidManifest.xml:187:13-72
	android:windowSoftInputMode
		ADDED from src/main/AndroidManifest.xml:190:13-52
	android:configChanges
		ADDED from src/main/AndroidManifest.xml:185:13-83
	android:theme
		ADDED from src/main/AndroidManifest.xml:189:13-63
	android:name
		ADDED from src/main/AndroidManifest.xml:184:13-58
activity#br.com.voxzap.ui.ManageSpaceActivity
ADDED from src/main/AndroidManifest.xml:202:9-207:55
	android:hardwareAccelerated
		ADDED from src/main/AndroidManifest.xml:205:13-72
	android:launchMode
		ADDED from src/main/AndroidManifest.xml:206:13-44
	android:windowSoftInputMode
		ADDED from src/main/AndroidManifest.xml:207:13-52
	android:configChanges
		ADDED from src/main/AndroidManifest.xml:204:13-83
	android:name
		ADDED from src/main/AndroidManifest.xml:203:13-64
activity#br.com.voxzap.ui.IntroActivity
ADDED from src/main/AndroidManifest.xml:208:9-211:47
	android:launchMode
		ADDED from src/main/AndroidManifest.xml:211:13-44
	android:configChanges
		ADDED from src/main/AndroidManifest.xml:210:13-83
	android:name
		ADDED from src/main/AndroidManifest.xml:209:13-58
activity#br.com.voxzap.messenger.OpenChatReceiver
ADDED from src/main/AndroidManifest.xml:212:9-215:39
	android:exported
		ADDED from src/main/AndroidManifest.xml:215:13-36
	android:configChanges
		ADDED from src/main/AndroidManifest.xml:214:13-83
	android:name
		ADDED from src/main/AndroidManifest.xml:213:13-68
activity#br.com.voxzap.ui.PopupNotificationActivity
ADDED from src/main/AndroidManifest.xml:216:9-224:70
	android:excludeFromRecents
		ADDED from src/main/AndroidManifest.xml:219:13-46
	android:launchMode
		ADDED from src/main/AndroidManifest.xml:220:13-44
	android:windowSoftInputMode
		ADDED from src/main/AndroidManifest.xml:224:13-67
	android:resizeableActivity
		ADDED from src/main/AndroidManifest.xml:221:13-47
	android:configChanges
		ADDED from src/main/AndroidManifest.xml:218:13-133
	android:theme
		ADDED from src/main/AndroidManifest.xml:223:13-69
	android:taskAffinity
		ADDED from src/main/AndroidManifest.xml:222:13-36
	android:name
		ADDED from src/main/AndroidManifest.xml:217:13-70
activity#br.com.voxzap.ui.VoIPActivity
ADDED from src/main/AndroidManifest.xml:225:9-229:60
	android:excludeFromRecents
		ADDED from src/main/AndroidManifest.xml:228:13-46
	android:configChanges
		ADDED from src/main/AndroidManifest.xml:227:13-83
	android:taskAffinity
		ADDED from src/main/AndroidManifest.xml:229:13-57
		INJECTED from src/main/AndroidManifest.xml
	android:name
		ADDED from src/main/AndroidManifest.xml:226:13-57
activity#br.com.voxzap.ui.VoIPPermissionActivity
ADDED from src/main/AndroidManifest.xml:230:9-235:66
	android:excludeFromRecents
		ADDED from src/main/AndroidManifest.xml:233:13-46
	android:configChanges
		ADDED from src/main/AndroidManifest.xml:232:13-83
	android:theme
		ADDED from src/main/AndroidManifest.xml:235:13-63
	android:taskAffinity
		ADDED from src/main/AndroidManifest.xml:234:13-57
		INJECTED from src/main/AndroidManifest.xml
	android:name
		ADDED from src/main/AndroidManifest.xml:231:13-67
activity#br.com.voxzap.ui.VoIPFeedbackActivity
ADDED from src/main/AndroidManifest.xml:236:9-241:76
	android:excludeFromRecents
		ADDED from src/main/AndroidManifest.xml:239:13-46
	android:configChanges
		ADDED from src/main/AndroidManifest.xml:238:13-83
	android:theme
		ADDED from src/main/AndroidManifest.xml:241:13-73
	android:taskAffinity
		ADDED from src/main/AndroidManifest.xml:240:13-66
		INJECTED from src/main/AndroidManifest.xml
	android:name
		ADDED from src/main/AndroidManifest.xml:237:13-65
receiver#br.com.voxzap.messenger.AutoMessageHeardReceiver
ADDED from src/main/AndroidManifest.xml:243:9-249:20
	android:exported
		ADDED from src/main/AndroidManifest.xml:245:13-37
	android:name
		ADDED from src/main/AndroidManifest.xml:244:13-63
intent-filter#br.com.voxzap.ACTION_MESSAGE_HEARD
ADDED from src/main/AndroidManifest.xml:246:13-248:29
action#br.com.voxzap.ACTION_MESSAGE_HEARD
ADDED from src/main/AndroidManifest.xml:247:17-77
	android:name
		ADDED from src/main/AndroidManifest.xml:247:25-74
receiver#br.com.voxzap.messenger.AutoMessageReplyReceiver
ADDED from src/main/AndroidManifest.xml:251:9-257:20
	android:exported
		ADDED from src/main/AndroidManifest.xml:253:13-37
	android:name
		ADDED from src/main/AndroidManifest.xml:252:13-63
intent-filter#br.com.voxzap.ACTION_MESSAGE_REPLY
ADDED from src/main/AndroidManifest.xml:254:13-256:29
action#br.com.voxzap.ACTION_MESSAGE_REPLY
ADDED from src/main/AndroidManifest.xml:255:17-77
	android:name
		ADDED from src/main/AndroidManifest.xml:255:25-74
receiver#br.com.voxzap.messenger.CallReceiver
ADDED from src/main/AndroidManifest.xml:259:9-263:20
	android:name
		ADDED from src/main/AndroidManifest.xml:259:19-57
intent-filter#android.intent.action.PHONE_STATE
ADDED from src/main/AndroidManifest.xml:260:13-262:29
action#android.intent.action.PHONE_STATE
ADDED from src/main/AndroidManifest.xml:261:17-76
	android:name
		ADDED from src/main/AndroidManifest.xml:261:25-73
receiver#br.com.voxzap.messenger.SmsListener
ADDED from src/main/AndroidManifest.xml:265:9-269:20
	android:name
		ADDED from src/main/AndroidManifest.xml:265:19-56
intent-filter#android.provider.Telephony.SMS_RECEIVED
ADDED from src/main/AndroidManifest.xml:266:13-268:29
action#android.provider.Telephony.SMS_RECEIVED
ADDED from src/main/AndroidManifest.xml:267:17-82
	android:name
		ADDED from src/main/AndroidManifest.xml:267:25-79
service#br.com.voxzap.messenger.AuthenticatorService
ADDED from src/main/AndroidManifest.xml:271:9-280:19
	android:exported
		ADDED from src/main/AndroidManifest.xml:273:13-36
	android:name
		ADDED from src/main/AndroidManifest.xml:272:13-59
intent-filter#android.accounts.AccountAuthenticator
ADDED from src/main/AndroidManifest.xml:274:13-276:29
action#android.accounts.AccountAuthenticator
ADDED from src/main/AndroidManifest.xml:275:17-80
	android:name
		ADDED from src/main/AndroidManifest.xml:275:25-77
meta-data#android.accounts.AccountAuthenticator
ADDED from src/main/AndroidManifest.xml:277:13-279:48
	android:resource
		ADDED from src/main/AndroidManifest.xml:279:17-45
	android:name
		ADDED from src/main/AndroidManifest.xml:278:17-69
service#br.com.voxzap.messenger.ContactsSyncAdapterService
ADDED from src/main/AndroidManifest.xml:282:9-295:19
	android:exported
		ADDED from src/main/AndroidManifest.xml:284:13-36
	android:name
		ADDED from src/main/AndroidManifest.xml:283:13-65
intent-filter#android.content.SyncAdapter
ADDED from src/main/AndroidManifest.xml:285:13-287:29
action#android.content.SyncAdapter
ADDED from src/main/AndroidManifest.xml:286:17-70
	android:name
		ADDED from src/main/AndroidManifest.xml:286:25-67
meta-data#android.content.SyncAdapter
ADDED from src/main/AndroidManifest.xml:289:13-291:57
	android:resource
		ADDED from src/main/AndroidManifest.xml:291:17-54
	android:name
		ADDED from src/main/AndroidManifest.xml:290:17-59
meta-data#android.provider.CONTACTS_STRUCTURE
ADDED from src/main/AndroidManifest.xml:292:13-294:52
	android:resource
		ADDED from src/main/AndroidManifest.xml:294:17-49
	android:name
		ADDED from src/main/AndroidManifest.xml:293:17-67
service#br.com.voxzap.messenger.TgChooserTargetService
ADDED from src/main/AndroidManifest.xml:297:9-304:19
	android:label
		ADDED from src/main/AndroidManifest.xml:299:13-44
	android:permission
		ADDED from src/main/AndroidManifest.xml:300:13-80
	android:name
		ADDED from src/main/AndroidManifest.xml:298:13-74
intent-filter#android.service.chooser.ChooserTargetService
ADDED from src/main/AndroidManifest.xml:301:13-303:29
action#android.service.chooser.ChooserTargetService
ADDED from src/main/AndroidManifest.xml:302:17-87
	android:name
		ADDED from src/main/AndroidManifest.xml:302:25-84
service#br.com.voxzap.messenger.BringAppForegroundService
ADDED from src/main/AndroidManifest.xml:306:9-308:38
	android:enabled
		ADDED from src/main/AndroidManifest.xml:308:13-35
	android:name
		ADDED from src/main/AndroidManifest.xml:307:13-64
service#br.com.voxzap.messenger.NotificationsService
ADDED from src/main/AndroidManifest.xml:309:9-311:38
	android:enabled
		ADDED from src/main/AndroidManifest.xml:311:13-35
	android:name
		ADDED from src/main/AndroidManifest.xml:310:13-59
service#br.com.voxzap.messenger.NotificationRepeat
ADDED from src/main/AndroidManifest.xml:312:9-314:40
	android:exported
		ADDED from src/main/AndroidManifest.xml:314:13-37
	android:name
		ADDED from src/main/AndroidManifest.xml:313:13-57
service#br.com.voxzap.messenger.ClearCacheService
ADDED from src/main/AndroidManifest.xml:315:9-317:40
	android:exported
		ADDED from src/main/AndroidManifest.xml:317:13-37
	android:name
		ADDED from src/main/AndroidManifest.xml:316:13-56
service#br.com.voxzap.messenger.VideoEncodingService
ADDED from src/main/AndroidManifest.xml:318:9-320:38
	android:enabled
		ADDED from src/main/AndroidManifest.xml:320:13-35
	android:name
		ADDED from src/main/AndroidManifest.xml:319:13-59
service#br.com.voxzap.messenger.voip.VoIPService
ADDED from src/main/AndroidManifest.xml:321:9-323:38
	android:enabled
		ADDED from src/main/AndroidManifest.xml:323:13-35
	android:name
		ADDED from src/main/AndroidManifest.xml:322:13-55
service#br.com.voxzap.messenger.MusicPlayerService
ADDED from src/main/AndroidManifest.xml:324:9-327:39
	android:enabled
		ADDED from src/main/AndroidManifest.xml:326:13-35
	android:exported
		ADDED from src/main/AndroidManifest.xml:327:13-36
	android:name
		ADDED from src/main/AndroidManifest.xml:325:13-57
service#br.com.voxzap.messenger.MusicBrowserService
ADDED from src/main/AndroidManifest.xml:328:9-334:19
	android:exported
		ADDED from src/main/AndroidManifest.xml:330:13-36
	android:name
		ADDED from src/main/AndroidManifest.xml:329:13-58
intent-filter#android.media.browse.MediaBrowserService
ADDED from src/main/AndroidManifest.xml:331:13-333:29
action#android.media.browse.MediaBrowserService
ADDED from src/main/AndroidManifest.xml:332:17-83
	android:name
		ADDED from src/main/AndroidManifest.xml:332:25-80
service#br.com.voxzap.messenger.WearDataLayerListenerService
ADDED from src/main/AndroidManifest.xml:335:9-347:19
	android:name
		ADDED from src/main/AndroidManifest.xml:335:18-72
intent-filter#com.google.android.gms.wearable.CAPABILITY_CHANGED+com.google.android.gms.wearable.CHANNEL_EVENT+com.google.android.gms.wearable.DATA_CHANGED+com.google.android.gms.wearable.MESSAGE_RECEIVED
ADDED from src/main/AndroidManifest.xml:336:13-346:29
action#com.google.android.gms.wearable.DATA_CHANGED
ADDED from src/main/AndroidManifest.xml:338:17-87
	android:name
		ADDED from src/main/AndroidManifest.xml:338:25-84
action#com.google.android.gms.wearable.MESSAGE_RECEIVED
ADDED from src/main/AndroidManifest.xml:339:17-91
	android:name
		ADDED from src/main/AndroidManifest.xml:339:25-88
action#com.google.android.gms.wearable.CAPABILITY_CHANGED
ADDED from src/main/AndroidManifest.xml:340:17-93
	android:name
		ADDED from src/main/AndroidManifest.xml:340:25-90
action#com.google.android.gms.wearable.CHANNEL_EVENT
ADDED from src/main/AndroidManifest.xml:341:17-88
	android:name
		ADDED from src/main/AndroidManifest.xml:341:25-85
receiver#br.com.voxzap.messenger.MusicPlayerReceiver
ADDED from src/main/AndroidManifest.xml:349:9-359:20
	android:name
		ADDED from src/main/AndroidManifest.xml:349:19-64
intent-filter#android.intent.action.MEDIA_BUTTON+android.media.AUDIO_BECOMING_NOISY+org.telegram.android.musicplayer.close+org.telegram.android.musicplayer.next+org.telegram.android.musicplayer.pause+org.telegram.android.musicplayer.play+org.telegram.android.musicplayer.previous
ADDED from src/main/AndroidManifest.xml:350:13-358:29
action#org.telegram.android.musicplayer.close
ADDED from src/main/AndroidManifest.xml:351:17-81
	android:name
		ADDED from src/main/AndroidManifest.xml:351:25-78
action#org.telegram.android.musicplayer.pause
ADDED from src/main/AndroidManifest.xml:352:17-81
	android:name
		ADDED from src/main/AndroidManifest.xml:352:25-78
action#org.telegram.android.musicplayer.next
ADDED from src/main/AndroidManifest.xml:353:17-80
	android:name
		ADDED from src/main/AndroidManifest.xml:353:25-77
action#org.telegram.android.musicplayer.play
ADDED from src/main/AndroidManifest.xml:354:17-80
	android:name
		ADDED from src/main/AndroidManifest.xml:354:25-77
action#org.telegram.android.musicplayer.previous
ADDED from src/main/AndroidManifest.xml:355:17-84
	android:name
		ADDED from src/main/AndroidManifest.xml:355:25-81
action#android.intent.action.MEDIA_BUTTON
ADDED from src/main/AndroidManifest.xml:356:17-77
	android:name
		ADDED from src/main/AndroidManifest.xml:356:25-74
action#android.media.AUDIO_BECOMING_NOISY
ADDED from src/main/AndroidManifest.xml:357:17-77
	android:name
		ADDED from src/main/AndroidManifest.xml:357:25-74
receiver#br.com.voxzap.messenger.voip.VoIPMediaButtonReceiver
ADDED from src/main/AndroidManifest.xml:360:9-364:20
	android:name
		ADDED from src/main/AndroidManifest.xml:360:19-73
intent-filter#android.intent.action.MEDIA_BUTTON
ADDED from src/main/AndroidManifest.xml:361:13-363:29